TruVideoMediaAndroid/TruvideoMedia/bin/Release/net9.0-android/intermediates/manifest_merge_blame_file/release/processReleaseManifest/manifest-merger-blame-release-report.txt
1<?xml version="1.0" encoding="utf-8"?>
2<manifest xmlns:android="http://schemas.android.com/apk/res/android"
3    xmlns:tools="http://schemas.android.com/tools"
4    package="com.truvideo.media" >
5
6    <uses-sdk android:minSdkVersion="24" />
7
8    <uses-permission android:name="android.permission.ACCESS_NETWORK_STATE" />
8-->src/main/AndroidManifest.xml:5:5-79
8-->src/main/AndroidManifest.xml:5:22-76
9    <uses-permission android:name="android.permission.INTERNET" />
9-->src/main/AndroidManifest.xml:6:5-67
9-->src/main/AndroidManifest.xml:6:22-64
10    <uses-permission android:name="android.permission.RECORD_AUDIO" />
10-->src/main/AndroidManifest.xml:7:5-71
10-->src/main/AndroidManifest.xml:7:22-68
11    <uses-permission android:name="android.permission.CAMERA" />
11-->src/main/AndroidManifest.xml:8:5-65
11-->src/main/AndroidManifest.xml:8:22-62
12    <uses-permission android:name="android.permission.ACCESS_MEDIA_LOCATION" />
12-->src/main/AndroidManifest.xml:9:5-80
12-->src/main/AndroidManifest.xml:9:22-77
13
14    <uses-feature
14-->src/main/AndroidManifest.xml:11:5-13:39
15        android:name="android.hardware.camera"
15-->src/main/AndroidManifest.xml:12:13-51
16        android:required="true" />
16-->src/main/AndroidManifest.xml:13:13-36
17    <uses-feature
17-->src/main/AndroidManifest.xml:15:5-17:39
18        android:name="android.hardware.camera.any"
18-->src/main/AndroidManifest.xml:16:13-55
19        android:required="true" />
19-->src/main/AndroidManifest.xml:17:13-36
20    <uses-feature
20-->src/main/AndroidManifest.xml:19:5-21:40
21        android:name="android.hardware.camera.autofocus"
21-->src/main/AndroidManifest.xml:20:13-61
22        android:required="false" />
22-->src/main/AndroidManifest.xml:21:13-37
23
24    <application>
24-->src/main/AndroidManifest.xml:23:5-25:19
25    </application>
26
27</manifest>